<?xml version="1.0" encoding="UTF-8"?>
<!-- Generated by org.testng.reporters.JUnitReportReporter -->
<testsuite hostname="Pernes-MacBook-Air.local" failures="0" tests="1" name="com.saucelabs.SauceLabsAutomationTests" time="18.955" errors="0" timestamp="22 Mar 2025 06:51:19 GMT">
  <testcase classname="com.saucelabs.SauceLabsAutomationTests" name="LonginintoSauceLabs" time="18.955"/>
</testsuite> <!-- com.saucelabs.SauceLabsAutomationTests -->
